INFO:__main__:saved the vectors
INFO:__main__:saved the vectors
INFO:__main__:saved the vectors
INFO:__main__:loaded the vectors
INFO:__main__:loaded the vectors
INFO:__main__:loaded the vectors
INFO:__main__:loaded the vectors
INFO:__main__:loaded the vectors
INFO:__main__:loaded the vectors
INFO:__main__:loaded the vectors
INFO:__main__:loaded the vectors
INFO:__main__:loaded the vectors
INFO:__main__:loaded the vectors
INFO:__main__:loaded the vectors
INFO:__main__:loaded the vectors
INFO:__main__:loaded the vectors
INFO:__main__:loaded the vectors
INFO:__main__:loaded the vectors
INFO:__main__:loaded the vectors
INFO:__main__:loaded the vectors
INFO:__main__:loaded the vectors
INFO:__main__:loaded the vectors
INFO:__main__:loaded the vectors
INFO:__main__:loaded the vectors
INFO:__main__:loaded the vectors
INFO:__main__:loaded the vectors
INFO:__main__:loaded the vectors
INFO:__main__:loaded the vectors
INFO:__main__:loaded the vectors
INFO:__main__:loaded the vectors
INFO:__main__:loaded the vectors
INFO:__main__:loaded the vectors
INFO:__main__:loaded the vectors
INFO:__main__:loaded the vectors
INFO:__main__:loaded the vectors
INFO:__main__:loaded the vectors
INFO:__main__:loaded the vectors
INFO:__main__:loaded the vectors
INFO:__main__:loaded the vectors
INFO:__main__:loaded the vectors
INFO:__main__:loaded the vectors
INFO:__main__:loaded the vectors
INFO:__main__:loaded the vectors
INFO:__main__:loaded the vectors
INFO:__main__:loaded the vectors
INFO:__main__:loaded the vectors
INFO:__main__:loaded the vectors
INFO:__main__:loaded the vectors
INFO:__main__:loaded the vectors
INFO:__main__:saved the docstats
INFO:__main__:loaded the docstats
INFO:__main__:loaded the docstats
INFO:__main__:loaded the vectors
INFO:__main__:saved the docstats
INFO:__main__:loaded the docstats
INFO:__main__:loaded the docstats
INFO:__main__:loaded the docstats
INFO:__main__:loaded the docstats
INFO:__main__:loaded the docstats
INFO:__main__:loaded the docstats
INFO:__main__:loaded the docstats
INFO:__main__:loaded the docstats
INFO:__main__:loaded the docstats
INFO:__main__:loaded the docstats
INFO:__main__:loaded the docstats
INFO:__main__:loaded the docstats
INFO:__main__:loaded the docstats
INFO:__main__:loaded the docstats
INFO:__main__:loaded the docstats
INFO:__main__:loaded the docstats
INFO:__main__:loaded the docstats
INFO:__main__:loaded the docstats
INFO:__main__:loaded the docstats
INFO:__main__:loaded the docstats
INFO:__main__:loaded the docstats
INFO:__main__:loaded the docstats
INFO:__main__:saved the sorted array
INFO:__main__:loaded the sorted array
INFO:__main__:loaded the sorted array
INFO:__main__:loaded the sorted array
INFO:__main__:loaded the sorted array
INFO:__main__:loaded the sorted array
INFO:__main__:loaded the sorted array
INFO:__main__:loaded the sorted array
INFO:__main__:loaded the sorted array
INFO:__main__:loaded the sorted array
INFO:__main__:loaded the sorted array
INFO:__main__:loaded the sorted array
INFO:__main__:loaded the sorted array
INFO:__main__:loaded the sorted array
INFO:__main__:loaded the sorted array
INFO:__main__:loaded the sorted array
INFO:__main__:loaded the sorted array
INFO:__main__:loaded the sorted array
INFO:__main__:loaded the sorted array
INFO:__main__:loaded the sorted array
INFO:__main__:loaded the sorted array
INFO:__main__:loaded the sorted array
INFO:__main__:loaded the sorted array
INFO:__main__:loaded the sorted array
INFO:__main__:loaded the sorted array
INFO:__main__:loaded the sorted array
INFO:__main__:loaded the sorted array
INFO:__main__:loaded the sorted array
INFO:__main__:loaded the sorted array
INFO:__main__:loaded the sorted array
INFO:__main__:loaded the sorted array
INFO:__main__:loaded the sorted array
INFO:__main__:loaded the sorted array
INFO:__main__:loaded the sorted array
INFO:__main__:loaded the sorted array
INFO:__main__:loaded the sorted array
INFO:__main__:loaded the sorted array
INFO:__main__:loaded the sorted array
INFO:__main__:loaded the sorted array
INFO:__main__:loaded the sorted array
INFO:__main__:loaded the sorted array
INFO:__main__:loaded the sorted array
INFO:__main__:loaded the sorted array
INFO:__main__:loaded the sorted array
INFO:__main__:loaded the sorted array
INFO:__main__:loaded the sorted array
INFO:__main__:loaded the sorted array
INFO:__main__:loaded the sorted array
INFO:__main__:loaded the sorted array
INFO:__main__:loaded the sorted array
INFO:__main__:loaded the sorted array
INFO:__main__:loaded the sorted array
INFO:__main__:loaded the sorted array
INFO:__main__:loaded the sorted array
INFO:__main__:loaded the sorted array
INFO:__main__:loaded the sorted array
INFO:__main__:loaded the sorted array
INFO:__main__:loaded the sorted array
INFO:__main__:loaded the sorted array
INFO:__main__:loaded the sorted array
INFO:__main__:loaded the sorted array
INFO:__main__:loaded the sorted array
INFO:__main__:loaded the sorted array
INFO:__main__:loaded the sorted array
INFO:__main__:loaded the sorted array
INFO:__main__:loaded the sorted array
INFO:__main__:loaded the sorted array
INFO:__main__:loaded the sorted array
INFO:__main__:loaded the sorted array
INFO:__main__:loaded the sorted array
INFO:__main__:loaded the sorted array
INFO:__main__:saved the distances
INFO:__main__:loaded the sorted array
INFO:__main__:loaded the distances
INFO:__main__:loaded the sorted array
INFO:__main__:loaded the distances
INFO:__main__:loaded the sorted array
INFO:__main__:loaded the distances
INFO:__main__:loaded the sorted array
INFO:__main__:loaded the distances
INFO:__main__:loaded the sorted array
INFO:__main__:loaded the sorted array
INFO:__main__:loaded the distances
INFO:__main__:loaded the sorted array
INFO:__main__:loaded the distances
INFO:__main__:loaded the sorted array
INFO:__main__:loaded the distances
INFO:__main__:loaded the sorted array
INFO:__main__:loaded the distances
INFO:__main__:loaded the sorted array
INFO:__main__:loaded the distances
INFO:__main__:loaded the sorted array
INFO:__main__:loaded the distances
INFO:__main__:loaded the sorted array
INFO:__main__:loaded the distances
INFO:__main__:loaded the sorted array
INFO:__main__:loaded the distances
INFO:__main__:loaded the sorted array
INFO:__main__:loaded the distances
INFO:__main__:loaded the sorted array
INFO:__main__:loaded the distances
INFO:__main__:loaded the sorted array
INFO:__main__:loaded the distances
INFO:__main__:loaded the sorted array
INFO:__main__:loaded the distances
INFO:__main__:loaded the sorted array
INFO:__main__:loaded the distances
INFO:__main__:loaded the sorted array
INFO:__main__:loaded the distances
INFO:__main__:loaded the sorted array
INFO:__main__:loaded the distances
INFO:__main__:loaded the sorted array
INFO:__main__:loaded the distances
INFO:__main__:saved the dupes
INFO:__main__:loaded the dupes
INFO:__main__:loaded the sorted array
INFO:__main__:loaded the distances
INFO:__main__:saved the dupes
INFO:__main__:loaded the dupes
INFO:__main__:loaded the dupes
INFO:__main__:loaded the dupes
INFO:__main__:loaded the dupes
INFO:__main__:loaded the dupes
INFO:__main__:loaded the dupes
INFO:__main__:loaded the dupes
INFO:__main__:loaded the docstats
INFO:__main__:loaded the distances
INFO:__main__:loaded the docstats
INFO:__main__:loaded the distances
INFO:__main__:loaded the docstats
INFO:__main__:loaded the docstats
INFO:__main__:loaded the docstats
INFO:__main__:loaded the sorted array
INFO:__main__:loaded the sorted array
INFO:__main__:loaded the distances
INFO:__main__:saved the dupes
INFO:__main__:loaded the dupes
INFO:__main__:loaded the dupes
INFO:__main__:loaded the dupes
INFO:__main__:loaded the dupes
INFO:__main__:loaded the dupes
INFO:__main__:loaded the dupes
INFO:__main__:loaded the dupes
INFO:__main__:loaded the dupes
INFO:__main__:loaded the dupes
INFO:__main__:loaded the dupes
INFO:__main__:loaded the dupes
INFO:__main__:loaded the dupes
INFO:__main__:loaded the dupes
INFO:__main__:loaded the dupes
INFO:__main__:loaded the dupes
INFO:__main__:loaded the dupes
INFO:__main__:loaded the dupes
INFO:__main__:loaded the dupes
INFO:__main__:loaded the dupes
INFO:__main__:loaded the dupes
INFO:__main__:loaded the dupes
INFO:__main__:loaded the dupes
INFO:__main__:loaded the dupes
INFO:__main__:loaded the dupes
INFO:__main__:loaded the dupes
INFO:__main__:loaded the dupes
INFO:__main__:loaded the dupes
INFO:__main__:loaded the dupes
INFO:__main__:loaded the dupes
